[
  {
    "input": "error: 'x' was not declared in this scope",
    "output": "\ud83d\udfe5 Error Overview\nError Message: error: 'x' was not declared in this scope\nLanguage / Tool: C/C++ Compiler\n\n\ud83d\udccd Where the Error Occurs\nFile: main.cpp\nLine: 7\nCode Context: A statement is being processed by the compiler.\n\n\ud83e\udde0 What the Error Means (Plain English)\nThe variable was used before being declared.\n\n\u2753 Why This Error Happens\nCause 1: Incorrect syntax or usage\n\n\u274c Problematic Code\nint main() {\n    cout << x;\n}\n\nExplanation: The code violates a C/C++ language rule.\n\n\u2705 Corrected Code\nint main() {\n    int x = 10;\n    cout << x;\n}\n\nExplanation: The code now follows correct syntax and rules.\n\n\ud83d\udccc Rule to Remember\nVariables must be declared before use.\n\n\ud83d\udcdd One-Line Summary\nThe error occurred due to incorrect code structure and was fixed by correcting it."
  },
  {
    "input": "error: 'cout' was not declared in this scope",
    "output": "\ud83d\udfe5 Error Overview\nError Message: error: 'cout' was not declared in this scope\nLanguage / Tool: C/C++ Compiler\n\n\ud83d\udccd Where the Error Occurs\nFile: main.cpp\nLine: 12\nCode Context: A statement is being processed by the compiler.\n\n\ud83e\udde0 What the Error Means (Plain English)\nThe compiler does not recognize cout because it was not properly included.\n\n\u2753 Why This Error Happens\nCause 1: Incorrect syntax or usage\n\n\u274c Problematic Code\nint main() {\n    cout << \"Hello\";\n}\n\nExplanation: The code violates a C/C++ language rule.\n\n\u2705 Corrected Code\n#include <iostream>\nusing namespace std;\nint main() {\n    cout << \"Hello\";\n}\n\nExplanation: The code now follows correct syntax and rules.\n\n\ud83d\udccc Rule to Remember\nStandard library features require proper headers.\n\n\ud83d\udcdd One-Line Summary\nThe error occurred due to incorrect code structure and was fixed by correcting it."
  },
  {
    "input": "error: expected ';' before '}' token",
    "output": "\ud83d\udfe5 Error Overview\nError Message: error: expected ';' before '}' token\nLanguage / Tool: C/C++ Compiler\n\n\ud83d\udccd Where the Error Occurs\nFile: main.cpp\nLine: 7\nCode Context: A statement is being processed by the compiler.\n\n\ud83e\udde0 What the Error Means (Plain English)\nThe compiler expected a semicolon to end a statement but found a closing brace instead.\n\n\u2753 Why This Error Happens\nCause 1: Incorrect syntax or usage\n\n\u274c Problematic Code\nint main() {\n    int x = 10\n}\n\nExplanation: The code violates a C/C++ language rule.\n\n\u2705 Corrected Code\nint main() {\n    int x = 10;\n}\n\nExplanation: The code now follows correct syntax and rules.\n\n\ud83d\udccc Rule to Remember\nEvery statement in C/C++ must end with a semicolon.\n\n\ud83d\udcdd One-Line Summary\nThe error occurred due to incorrect code structure and was fixed by correcting it."
  },
  {
    "input": "error: expected ';' before '}' token",
    "output": "\ud83d\udfe5 Error Overview\nError Message: error: expected ';' before '}' token\nLanguage / Tool: C/C++ Compiler\n\n\ud83d\udccd Where the Error Occurs\nFile: main.cpp\nLine: 6\nCode Context: A statement is being processed by the compiler.\n\n\ud83e\udde0 What the Error Means (Plain English)\nThe compiler expected a semicolon to end a statement but found a closing brace instead.\n\n\u2753 Why This Error Happens\nCause 1: Incorrect syntax or usage\n\n\u274c Problematic Code\nint main() {\n    int x = 10\n}\n\nExplanation: The code violates a C/C++ language rule.\n\n\u2705 Corrected Code\nint main() {\n    int x = 10;\n}\n\nExplanation: The code now follows correct syntax and rules.\n\n\ud83d\udccc Rule to Remember\nEvery statement in C/C++ must end with a semicolon.\n\n\ud83d\udcdd One-Line Summary\nThe error occurred due to incorrect code structure and was fixed by correcting it."
  },
  {
    "input": "error: too few arguments to function",
    "output": "\ud83d\udfe5 Error Overview\nError Message: error: too few arguments to function\nLanguage / Tool: C/C++ Compiler\n\n\ud83d\udccd Where the Error Occurs\nFile: main.cpp\nLine: 10\nCode Context: A statement is being processed by the compiler.\n\n\ud83e\udde0 What the Error Means (Plain English)\nThe function was called without all the required arguments.\n\n\u2753 Why This Error Happens\nCause 1: Incorrect syntax or usage\n\n\u274c Problematic Code\nvoid add(int a, int b) {}\nint main() {\n    add(5);\n}\n\nExplanation: The code violates a C/C++ language rule.\n\n\u2705 Corrected Code\nvoid add(int a, int b) {}\nint main() {\n    add(5, 10);\n}\n\nExplanation: The code now follows correct syntax and rules.\n\n\ud83d\udccc Rule to Remember\nFunctions must be called with the correct number of arguments.\n\n\ud83d\udcdd One-Line Summary\nThe error occurred due to incorrect code structure and was fixed by correcting it."
  },
  {
    "input": "error: array subscript is not an integer",
    "output": "\ud83d\udfe5 Error Overview\nError Message: error: array subscript is not an integer\nLanguage / Tool: C/C++ Compiler\n\n\ud83d\udccd Where the Error Occurs\nFile: main.cpp\nLine: 11\nCode Context: A statement is being processed by the compiler.\n\n\ud83e\udde0 What the Error Means (Plain English)\nArray indices must be integers.\n\n\u2753 Why This Error Happens\nCause 1: Incorrect syntax or usage\n\n\u274c Problematic Code\nint arr[5];\narr[\"one\"] = 10;\n\nExplanation: The code violates a C/C++ language rule.\n\n\u2705 Corrected Code\nint arr[5];\narr[1] = 10;\n\nExplanation: The code now follows correct syntax and rules.\n\n\ud83d\udccc Rule to Remember\nUse only integer values to index arrays.\n\n\ud83d\udcdd One-Line Summary\nThe error occurred due to incorrect code structure and was fixed by correcting it."
  },
  {
    "input": "error: invalid operands to binary +",
    "output": "\ud83d\udfe5 Error Overview\nError Message: error: invalid operands to binary +\nLanguage / Tool: C/C++ Compiler\n\n\ud83d\udccd Where the Error Occurs\nFile: main.cpp\nLine: 9\nCode Context: A statement is being processed by the compiler.\n\n\ud83e\udde0 What the Error Means (Plain English)\nThe addition operator was used with incompatible types.\n\n\u2753 Why This Error Happens\nCause 1: Incorrect syntax or usage\n\n\u274c Problematic Code\nint x = 5;\nchar* s = \"hi\";\nint y = x + s;\n\nExplanation: The code violates a C/C++ language rule.\n\n\u2705 Corrected Code\nint x = 5;\nint y = x + 10;\n\nExplanation: The code now follows correct syntax and rules.\n\n\ud83d\udccc Rule to Remember\nBinary operators require compatible data types.\n\n\ud83d\udcdd One-Line Summary\nThe error occurred due to incorrect code structure and was fixed by correcting it."
  },
  {
    "input": "error: too few arguments to function",
    "output": "\ud83d\udfe5 Error Overview\nError Message: error: too few arguments to function\nLanguage / Tool: C/C++ Compiler\n\n\ud83d\udccd Where the Error Occurs\nFile: main.cpp\nLine: 13\nCode Context: A statement is being processed by the compiler.\n\n\ud83e\udde0 What the Error Means (Plain English)\nThe function was called without all the required arguments.\n\n\u2753 Why This Error Happens\nCause 1: Incorrect syntax or usage\n\n\u274c Problematic Code\nvoid add(int a, int b) {}\nint main() {\n    add(5);\n}\n\nExplanation: The code violates a C/C++ language rule.\n\n\u2705 Corrected Code\nvoid add(int a, int b) {}\nint main() {\n    add(5, 10);\n}\n\nExplanation: The code now follows correct syntax and rules.\n\n\ud83d\udccc Rule to Remember\nFunctions must be called with the correct number of arguments.\n\n\ud83d\udcdd One-Line Summary\nThe error occurred due to incorrect code structure and was fixed by correcting it."
  },
  {
    "input": "error: invalid operands to binary +",
    "output": "\ud83d\udfe5 Error Overview\nError Message: error: invalid operands to binary +\nLanguage / Tool: C/C++ Compiler\n\n\ud83d\udccd Where the Error Occurs\nFile: main.cpp\nLine: 6\nCode Context: A statement is being processed by the compiler.\n\n\ud83e\udde0 What the Error Means (Plain English)\nThe addition operator was used with incompatible types.\n\n\u2753 Why This Error Happens\nCause 1: Incorrect syntax or usage\n\n\u274c Problematic Code\nint x = 5;\nchar* s = \"hi\";\nint y = x + s;\n\nExplanation: The code violates a C/C++ language rule.\n\n\u2705 Corrected Code\nint x = 5;\nint y = x + 10;\n\nExplanation: The code now follows correct syntax and rules.\n\n\ud83d\udccc Rule to Remember\nBinary operators require compatible data types.\n\n\ud83d\udcdd One-Line Summary\nThe error occurred due to incorrect code structure and was fixed by correcting it."
  },
  {
    "input": "error: invalid operands to binary +",
    "output": "\ud83d\udfe5 Error Overview\nError Message: error: invalid operands to binary +\nLanguage / Tool: C/C++ Compiler\n\n\ud83d\udccd Where the Error Occurs\nFile: main.cpp\nLine: 3\nCode Context: A statement is being processed by the compiler.\n\n\ud83e\udde0 What the Error Means (Plain English)\nThe addition operator was used with incompatible types.\n\n\u2753 Why This Error Happens\nCause 1: Incorrect syntax or usage\n\n\u274c Problematic Code\nint x = 5;\nchar* s = \"hi\";\nint y = x + s;\n\nExplanation: The code violates a C/C++ language rule.\n\n\u2705 Corrected Code\nint x = 5;\nint y = x + 10;\n\nExplanation: The code now follows correct syntax and rules.\n\n\ud83d\udccc Rule to Remember\nBinary operators require compatible data types.\n\n\ud83d\udcdd One-Line Summary\nThe error occurred due to incorrect code structure and was fixed by correcting it."
  },
  {
    "input": "error: invalid operands to binary +",
    "output": "\ud83d\udfe5 Error Overview\nError Message: error: invalid operands to binary +\nLanguage / Tool: C/C++ Compiler\n\n\ud83d\udccd Where the Error Occurs\nFile: main.cpp\nLine: 15\nCode Context: A statement is being processed by the compiler.\n\n\ud83e\udde0 What the Error Means (Plain English)\nThe addition operator was used with incompatible types.\n\n\u2753 Why This Error Happens\nCause 1: Incorrect syntax or usage\n\n\u274c Problematic Code\nint x = 5;\nchar* s = \"hi\";\nint y = x + s;\n\nExplanation: The code violates a C/C++ language rule.\n\n\u2705 Corrected Code\nint x = 5;\nint y = x + 10;\n\nExplanation: The code now follows correct syntax and rules.\n\n\ud83d\udccc Rule to Remember\nBinary operators require compatible data types.\n\n\ud83d\udcdd One-Line Summary\nThe error occurred due to incorrect code structure and was fixed by correcting it."
  },
  {
    "input": "error: too few arguments to function",
    "output": "\ud83d\udfe5 Error Overview\nError Message: error: too few arguments to function\nLanguage / Tool: C/C++ Compiler\n\n\ud83d\udccd Where the Error Occurs\nFile: main.cpp\nLine: 3\nCode Context: A statement is being processed by the compiler.\n\n\ud83e\udde0 What the Error Means (Plain English)\nThe function was called without all the required arguments.\n\n\u2753 Why This Error Happens\nCause 1: Incorrect syntax or usage\n\n\u274c Problematic Code\nvoid add(int a, int b) {}\nint main() {\n    add(5);\n}\n\nExplanation: The code violates a C/C++ language rule.\n\n\u2705 Corrected Code\nvoid add(int a, int b) {}\nint main() {\n    add(5, 10);\n}\n\nExplanation: The code now follows correct syntax and rules.\n\n\ud83d\udccc Rule to Remember\nFunctions must be called with the correct number of arguments.\n\n\ud83d\udcdd One-Line Summary\nThe error occurred due to incorrect code structure and was fixed by correcting it."
  },
  {
    "input": "error: array subscript is not an integer",
    "output": "\ud83d\udfe5 Error Overview\nError Message: error: array subscript is not an integer\nLanguage / Tool: C/C++ Compiler\n\n\ud83d\udccd Where the Error Occurs\nFile: main.cpp\nLine: 4\nCode Context: A statement is being processed by the compiler.\n\n\ud83e\udde0 What the Error Means (Plain English)\nArray indices must be integers.\n\n\u2753 Why This Error Happens\nCause 1: Incorrect syntax or usage\n\n\u274c Problematic Code\nint arr[5];\narr[\"one\"] = 10;\n\nExplanation: The code violates a C/C++ language rule.\n\n\u2705 Corrected Code\nint arr[5];\narr[1] = 10;\n\nExplanation: The code now follows correct syntax and rules.\n\n\ud83d\udccc Rule to Remember\nUse only integer values to index arrays.\n\n\ud83d\udcdd One-Line Summary\nThe error occurred due to incorrect code structure and was fixed by correcting it."
  },
  {
    "input": "error: expected ')' before '{' token",
    "output": "\ud83d\udfe5 Error Overview\nError Message: error: expected ')' before '{' token\nLanguage / Tool: C/C++ Compiler\n\n\ud83d\udccd Where the Error Occurs\nFile: main.cpp\nLine: 7\nCode Context: A statement is being processed by the compiler.\n\n\ud83e\udde0 What the Error Means (Plain English)\nThe condition is missing a closing parenthesis.\n\n\u2753 Why This Error Happens\nCause 1: Incorrect syntax or usage\n\n\u274c Problematic Code\nif (x > 5 {\n    x++;\n}\n\nExplanation: The code violates a C/C++ language rule.\n\n\u2705 Corrected Code\nif (x > 5) {\n    x++;\n}\n\nExplanation: The code now follows correct syntax and rules.\n\n\ud83d\udccc Rule to Remember\nConditional expressions must be enclosed in parentheses.\n\n\ud83d\udcdd One-Line Summary\nThe error occurred due to incorrect code structure and was fixed by correcting it."
  },
  {
    "input": "error: invalid operands to binary +",
    "output": "\ud83d\udfe5 Error Overview\nError Message: error: invalid operands to binary +\nLanguage / Tool: C/C++ Compiler\n\n\ud83d\udccd Where the Error Occurs\nFile: main.cpp\nLine: 6\nCode Context: A statement is being processed by the compiler.\n\n\ud83e\udde0 What the Error Means (Plain English)\nThe addition operator was used with incompatible types.\n\n\u2753 Why This Error Happens\nCause 1: Incorrect syntax or usage\n\n\u274c Problematic Code\nint x = 5;\nchar* s = \"hi\";\nint y = x + s;\n\nExplanation: The code violates a C/C++ language rule.\n\n\u2705 Corrected Code\nint x = 5;\nint y = x + 10;\n\nExplanation: The code now follows correct syntax and rules.\n\n\ud83d\udccc Rule to Remember\nBinary operators require compatible data types.\n\n\ud83d\udcdd One-Line Summary\nThe error occurred due to incorrect code structure and was fixed by correcting it."
  },
  {
    "input": "error: array subscript is not an integer",
    "output": "\ud83d\udfe5 Error Overview\nError Message: error: array subscript is not an integer\nLanguage / Tool: C/C++ Compiler\n\n\ud83d\udccd Where the Error Occurs\nFile: main.cpp\nLine: 15\nCode Context: A statement is being processed by the compiler.\n\n\ud83e\udde0 What the Error Means (Plain English)\nArray indices must be integers.\n\n\u2753 Why This Error Happens\nCause 1: Incorrect syntax or usage\n\n\u274c Problematic Code\nint arr[5];\narr[\"one\"] = 10;\n\nExplanation: The code violates a C/C++ language rule.\n\n\u2705 Corrected Code\nint arr[5];\narr[1] = 10;\n\nExplanation: The code now follows correct syntax and rules.\n\n\ud83d\udccc Rule to Remember\nUse only integer values to index arrays.\n\n\ud83d\udcdd One-Line Summary\nThe error occurred due to incorrect code structure and was fixed by correcting it."
  },
  {
    "input": "error: too few arguments to function",
    "output": "\ud83d\udfe5 Error Overview\nError Message: error: too few arguments to function\nLanguage / Tool: C/C++ Compiler\n\n\ud83d\udccd Where the Error Occurs\nFile: main.cpp\nLine: 7\nCode Context: A statement is being processed by the compiler.\n\n\ud83e\udde0 What the Error Means (Plain English)\nThe function was called without all the required arguments.\n\n\u2753 Why This Error Happens\nCause 1: Incorrect syntax or usage\n\n\u274c Problematic Code\nvoid add(int a, int b) {}\nint main() {\n    add(5);\n}\n\nExplanation: The code violates a C/C++ language rule.\n\n\u2705 Corrected Code\nvoid add(int a, int b) {}\nint main() {\n    add(5, 10);\n}\n\nExplanation: The code now follows correct syntax and rules.\n\n\ud83d\udccc Rule to Remember\nFunctions must be called with the correct number of arguments.\n\n\ud83d\udcdd One-Line Summary\nThe error occurred due to incorrect code structure and was fixed by correcting it."
  },
  {
    "input": "error: too few arguments to function",
    "output": "\ud83d\udfe5 Error Overview\nError Message: error: too few arguments to function\nLanguage / Tool: C/C++ Compiler\n\n\ud83d\udccd Where the Error Occurs\nFile: main.cpp\nLine: 10\nCode Context: A statement is being processed by the compiler.\n\n\ud83e\udde0 What the Error Means (Plain English)\nThe function was called without all the required arguments.\n\n\u2753 Why This Error Happens\nCause 1: Incorrect syntax or usage\n\n\u274c Problematic Code\nvoid add(int a, int b) {}\nint main() {\n    add(5);\n}\n\nExplanation: The code violates a C/C++ language rule.\n\n\u2705 Corrected Code\nvoid add(int a, int b) {}\nint main() {\n    add(5, 10);\n}\n\nExplanation: The code now follows correct syntax and rules.\n\n\ud83d\udccc Rule to Remember\nFunctions must be called with the correct number of arguments.\n\n\ud83d\udcdd One-Line Summary\nThe error occurred due to incorrect code structure and was fixed by correcting it."
  },
  {
    "input": "error: 'cout' was not declared in this scope",
    "output": "\ud83d\udfe5 Error Overview\nError Message: error: 'cout' was not declared in this scope\nLanguage / Tool: C/C++ Compiler\n\n\ud83d\udccd Where the Error Occurs\nFile: main.cpp\nLine: 11\nCode Context: A statement is being processed by the compiler.\n\n\ud83e\udde0 What the Error Means (Plain English)\nThe compiler does not recognize cout because it was not properly included.\n\n\u2753 Why This Error Happens\nCause 1: Incorrect syntax or usage\n\n\u274c Problematic Code\nint main() {\n    cout << \"Hello\";\n}\n\nExplanation: The code violates a C/C++ language rule.\n\n\u2705 Corrected Code\n#include <iostream>\nusing namespace std;\nint main() {\n    cout << \"Hello\";\n}\n\nExplanation: The code now follows correct syntax and rules.\n\n\ud83d\udccc Rule to Remember\nStandard library features require proper headers.\n\n\ud83d\udcdd One-Line Summary\nThe error occurred due to incorrect code structure and was fixed by correcting it."
  },
  {
    "input": "error: expected ';' before '}' token",
    "output": "\ud83d\udfe5 Error Overview\nError Message: error: expected ';' before '}' token\nLanguage / Tool: C/C++ Compiler\n\n\ud83d\udccd Where the Error Occurs\nFile: main.cpp\nLine: 15\nCode Context: A statement is being processed by the compiler.\n\n\ud83e\udde0 What the Error Means (Plain English)\nThe compiler expected a semicolon to end a statement but found a closing brace instead.\n\n\u2753 Why This Error Happens\nCause 1: Incorrect syntax or usage\n\n\u274c Problematic Code\nint main() {\n    int x = 10\n}\n\nExplanation: The code violates a C/C++ language rule.\n\n\u2705 Corrected Code\nint main() {\n    int x = 10;\n}\n\nExplanation: The code now follows correct syntax and rules.\n\n\ud83d\udccc Rule to Remember\nEvery statement in C/C++ must end with a semicolon.\n\n\ud83d\udcdd One-Line Summary\nThe error occurred due to incorrect code structure and was fixed by correcting it."
  },
  {
    "input": "error: expected ')' before '{' token",
    "output": "\ud83d\udfe5 Error Overview\nError Message: error: expected ')' before '{' token\nLanguage / Tool: C/C++ Compiler\n\n\ud83d\udccd Where the Error Occurs\nFile: main.cpp\nLine: 15\nCode Context: A statement is being processed by the compiler.\n\n\ud83e\udde0 What the Error Means (Plain English)\nThe condition is missing a closing parenthesis.\n\n\u2753 Why This Error Happens\nCause 1: Incorrect syntax or usage\n\n\u274c Problematic Code\nif (x > 5 {\n    x++;\n}\n\nExplanation: The code violates a C/C++ language rule.\n\n\u2705 Corrected Code\nif (x > 5) {\n    x++;\n}\n\nExplanation: The code now follows correct syntax and rules.\n\n\ud83d\udccc Rule to Remember\nConditional expressions must be enclosed in parentheses.\n\n\ud83d\udcdd One-Line Summary\nThe error occurred due to incorrect code structure and was fixed by correcting it."
  },
  {
    "input": "error: too few arguments to function",
    "output": "\ud83d\udfe5 Error Overview\nError Message: error: too few arguments to function\nLanguage / Tool: C/C++ Compiler\n\n\ud83d\udccd Where the Error Occurs\nFile: main.cpp\nLine: 13\nCode Context: A statement is being processed by the compiler.\n\n\ud83e\udde0 What the Error Means (Plain English)\nThe function was called without all the required arguments.\n\n\u2753 Why This Error Happens\nCause 1: Incorrect syntax or usage\n\n\u274c Problematic Code\nvoid add(int a, int b) {}\nint main() {\n    add(5);\n}\n\nExplanation: The code violates a C/C++ language rule.\n\n\u2705 Corrected Code\nvoid add(int a, int b) {}\nint main() {\n    add(5, 10);\n}\n\nExplanation: The code now follows correct syntax and rules.\n\n\ud83d\udccc Rule to Remember\nFunctions must be called with the correct number of arguments.\n\n\ud83d\udcdd One-Line Summary\nThe error occurred due to incorrect code structure and was fixed by correcting it."
  },
  {
    "input": "error: array subscript is not an integer",
    "output": "\ud83d\udfe5 Error Overview\nError Message: error: array subscript is not an integer\nLanguage / Tool: C/C++ Compiler\n\n\ud83d\udccd Where the Error Occurs\nFile: main.cpp\nLine: 3\nCode Context: A statement is being processed by the compiler.\n\n\ud83e\udde0 What the Error Means (Plain English)\nArray indices must be integers.\n\n\u2753 Why This Error Happens\nCause 1: Incorrect syntax or usage\n\n\u274c Problematic Code\nint arr[5];\narr[\"one\"] = 10;\n\nExplanation: The code violates a C/C++ language rule.\n\n\u2705 Corrected Code\nint arr[5];\narr[1] = 10;\n\nExplanation: The code now follows correct syntax and rules.\n\n\ud83d\udccc Rule to Remember\nUse only integer values to index arrays.\n\n\ud83d\udcdd One-Line Summary\nThe error occurred due to incorrect code structure and was fixed by correcting it."
  },
  {
    "input": "error: expected ')' before '{' token",
    "output": "\ud83d\udfe5 Error Overview\nError Message: error: expected ')' before '{' token\nLanguage / Tool: C/C++ Compiler\n\n\ud83d\udccd Where the Error Occurs\nFile: main.cpp\nLine: 7\nCode Context: A statement is being processed by the compiler.\n\n\ud83e\udde0 What the Error Means (Plain English)\nThe condition is missing a closing parenthesis.\n\n\u2753 Why This Error Happens\nCause 1: Incorrect syntax or usage\n\n\u274c Problematic Code\nif (x > 5 {\n    x++;\n}\n\nExplanation: The code violates a C/C++ language rule.\n\n\u2705 Corrected Code\nif (x > 5) {\n    x++;\n}\n\nExplanation: The code now follows correct syntax and rules.\n\n\ud83d\udccc Rule to Remember\nConditional expressions must be enclosed in parentheses.\n\n\ud83d\udcdd One-Line Summary\nThe error occurred due to incorrect code structure and was fixed by correcting it."
  },
  {
    "input": "error: expected declaration or statement at end of input",
    "output": "\ud83d\udfe5 Error Overview\nError Message: error: expected declaration or statement at end of input\nLanguage / Tool: C/C++ Compiler\n\n\ud83d\udccd Where the Error Occurs\nFile: main.cpp\nLine: 13\nCode Context: A statement is being processed by the compiler.\n\n\ud83e\udde0 What the Error Means (Plain English)\nThe compiler reached the end of the file while still expecting more code.\n\n\u2753 Why This Error Happens\nCause 1: Incorrect syntax or usage\n\n\u274c Problematic Code\nint main() {\n    printf(\"Hi\");\n\nExplanation: The code violates a C/C++ language rule.\n\n\u2705 Corrected Code\nint main() {\n    printf(\"Hi\");\n}\n\nExplanation: The code now follows correct syntax and rules.\n\n\ud83d\udccc Rule to Remember\nEvery opening brace must have a matching closing brace.\n\n\ud83d\udcdd One-Line Summary\nThe error occurred due to incorrect code structure and was fixed by correcting it."
  },
  {
    "input": "error: too few arguments to function",
    "output": "\ud83d\udfe5 Error Overview\nError Message: error: too few arguments to function\nLanguage / Tool: C/C++ Compiler\n\n\ud83d\udccd Where the Error Occurs\nFile: main.cpp\nLine: 10\nCode Context: A statement is being processed by the compiler.\n\n\ud83e\udde0 What the Error Means (Plain English)\nThe function was called without all the required arguments.\n\n\u2753 Why This Error Happens\nCause 1: Incorrect syntax or usage\n\n\u274c Problematic Code\nvoid add(int a, int b) {}\nint main() {\n    add(5);\n}\n\nExplanation: The code violates a C/C++ language rule.\n\n\u2705 Corrected Code\nvoid add(int a, int b) {}\nint main() {\n    add(5, 10);\n}\n\nExplanation: The code now follows correct syntax and rules.\n\n\ud83d\udccc Rule to Remember\nFunctions must be called with the correct number of arguments.\n\n\ud83d\udcdd One-Line Summary\nThe error occurred due to incorrect code structure and was fixed by correcting it."
  },
  {
    "input": "error: invalid conversion from 'int' to 'int*'",
    "output": "\ud83d\udfe5 Error Overview\nError Message: error: invalid conversion from 'int' to 'int*'\nLanguage / Tool: C/C++ Compiler\n\n\ud83d\udccd Where the Error Occurs\nFile: main.cpp\nLine: 15\nCode Context: A statement is being processed by the compiler.\n\n\ud83e\udde0 What the Error Means (Plain English)\nA pointer was given a normal value instead of an address.\n\n\u2753 Why This Error Happens\nCause 1: Incorrect syntax or usage\n\n\u274c Problematic Code\nint x = 5;\nint* p = x;\n\nExplanation: The code violates a C/C++ language rule.\n\n\u2705 Corrected Code\nint x = 5;\nint* p = &x;\n\nExplanation: The code now follows correct syntax and rules.\n\n\ud83d\udccc Rule to Remember\nPointers must store addresses, not values.\n\n\ud83d\udcdd One-Line Summary\nThe error occurred due to incorrect code structure and was fixed by correcting it."
  },
  {
    "input": "error: expected ';' before '}' token",
    "output": "\ud83d\udfe5 Error Overview\nError Message: error: expected ';' before '}' token\nLanguage / Tool: C/C++ Compiler\n\n\ud83d\udccd Where the Error Occurs\nFile: main.cpp\nLine: 5\nCode Context: A statement is being processed by the compiler.\n\n\ud83e\udde0 What the Error Means (Plain English)\nThe compiler expected a semicolon to end a statement but found a closing brace instead.\n\n\u2753 Why This Error Happens\nCause 1: Incorrect syntax or usage\n\n\u274c Problematic Code\nint main() {\n    int x = 10\n}\n\nExplanation: The code violates a C/C++ language rule.\n\n\u2705 Corrected Code\nint main() {\n    int x = 10;\n}\n\nExplanation: The code now follows correct syntax and rules.\n\n\ud83d\udccc Rule to Remember\nEvery statement in C/C++ must end with a semicolon.\n\n\ud83d\udcdd One-Line Summary\nThe error occurred due to incorrect code structure and was fixed by correcting it."
  },
  {
    "input": "error: too few arguments to function",
    "output": "\ud83d\udfe5 Error Overview\nError Message: error: too few arguments to function\nLanguage / Tool: C/C++ Compiler\n\n\ud83d\udccd Where the Error Occurs\nFile: main.cpp\nLine: 8\nCode Context: A statement is being processed by the compiler.\n\n\ud83e\udde0 What the Error Means (Plain English)\nThe function was called without all the required arguments.\n\n\u2753 Why This Error Happens\nCause 1: Incorrect syntax or usage\n\n\u274c Problematic Code\nvoid add(int a, int b) {}\nint main() {\n    add(5);\n}\n\nExplanation: The code violates a C/C++ language rule.\n\n\u2705 Corrected Code\nvoid add(int a, int b) {}\nint main() {\n    add(5, 10);\n}\n\nExplanation: The code now follows correct syntax and rules.\n\n\ud83d\udccc Rule to Remember\nFunctions must be called with the correct number of arguments.\n\n\ud83d\udcdd One-Line Summary\nThe error occurred due to incorrect code structure and was fixed by correcting it."
  },
  {
    "input": "error: too few arguments to function",
    "output": "\ud83d\udfe5 Error Overview\nError Message: error: too few arguments to function\nLanguage / Tool: C/C++ Compiler\n\n\ud83d\udccd Where the Error Occurs\nFile: main.cpp\nLine: 9\nCode Context: A statement is being processed by the compiler.\n\n\ud83e\udde0 What the Error Means (Plain English)\nThe function was called without all the required arguments.\n\n\u2753 Why This Error Happens\nCause 1: Incorrect syntax or usage\n\n\u274c Problematic Code\nvoid add(int a, int b) {}\nint main() {\n    add(5);\n}\n\nExplanation: The code violates a C/C++ language rule.\n\n\u2705 Corrected Code\nvoid add(int a, int b) {}\nint main() {\n    add(5, 10);\n}\n\nExplanation: The code now follows correct syntax and rules.\n\n\ud83d\udccc Rule to Remember\nFunctions must be called with the correct number of arguments.\n\n\ud83d\udcdd One-Line Summary\nThe error occurred due to incorrect code structure and was fixed by correcting it."
  },
  {
    "input": "error: redefinition of 'int x'",
    "output": "\ud83d\udfe5 Error Overview\nError Message: error: redefinition of 'int x'\nLanguage / Tool: C/C++ Compiler\n\n\ud83d\udccd Where the Error Occurs\nFile: main.cpp\nLine: 13\nCode Context: A statement is being processed by the compiler.\n\n\ud83e\udde0 What the Error Means (Plain English)\nThe variable was declared more than once in the same scope.\n\n\u2753 Why This Error Happens\nCause 1: Incorrect syntax or usage\n\n\u274c Problematic Code\nint x = 5;\nint x = 10;\n\nExplanation: The code violates a C/C++ language rule.\n\n\u2705 Corrected Code\nint x = 5;\nx = 10;\n\nExplanation: The code now follows correct syntax and rules.\n\n\ud83d\udccc Rule to Remember\nA variable can only be declared once per scope.\n\n\ud83d\udcdd One-Line Summary\nThe error occurred due to incorrect code structure and was fixed by correcting it."
  },
  {
    "input": "error: 'cout' was not declared in this scope",
    "output": "\ud83d\udfe5 Error Overview\nError Message: error: 'cout' was not declared in this scope\nLanguage / Tool: C/C++ Compiler\n\n\ud83d\udccd Where the Error Occurs\nFile: main.cpp\nLine: 11\nCode Context: A statement is being processed by the compiler.\n\n\ud83e\udde0 What the Error Means (Plain English)\nThe compiler does not recognize cout because it was not properly included.\n\n\u2753 Why This Error Happens\nCause 1: Incorrect syntax or usage\n\n\u274c Problematic Code\nint main() {\n    cout << \"Hello\";\n}\n\nExplanation: The code violates a C/C++ language rule.\n\n\u2705 Corrected Code\n#include <iostream>\nusing namespace std;\nint main() {\n    cout << \"Hello\";\n}\n\nExplanation: The code now follows correct syntax and rules.\n\n\ud83d\udccc Rule to Remember\nStandard library features require proper headers.\n\n\ud83d\udcdd One-Line Summary\nThe error occurred due to incorrect code structure and was fixed by correcting it."
  },
  {
    "input": "error: 'x' was not declared in this scope",
    "output": "\ud83d\udfe5 Error Overview\nError Message: error: 'x' was not declared in this scope\nLanguage / Tool: C/C++ Compiler\n\n\ud83d\udccd Where the Error Occurs\nFile: main.cpp\nLine: 14\nCode Context: A statement is being processed by the compiler.\n\n\ud83e\udde0 What the Error Means (Plain English)\nThe variable was used before being declared.\n\n\u2753 Why This Error Happens\nCause 1: Incorrect syntax or usage\n\n\u274c Problematic Code\nint main() {\n    cout << x;\n}\n\nExplanation: The code violates a C/C++ language rule.\n\n\u2705 Corrected Code\nint main() {\n    int x = 10;\n    cout << x;\n}\n\nExplanation: The code now follows correct syntax and rules.\n\n\ud83d\udccc Rule to Remember\nVariables must be declared before use.\n\n\ud83d\udcdd One-Line Summary\nThe error occurred due to incorrect code structure and was fixed by correcting it."
  },
  {
    "input": "error: 'cout' was not declared in this scope",
    "output": "\ud83d\udfe5 Error Overview\nError Message: error: 'cout' was not declared in this scope\nLanguage / Tool: C/C++ Compiler\n\n\ud83d\udccd Where the Error Occurs\nFile: main.cpp\nLine: 12\nCode Context: A statement is being processed by the compiler.\n\n\ud83e\udde0 What the Error Means (Plain English)\nThe compiler does not recognize cout because it was not properly included.\n\n\u2753 Why This Error Happens\nCause 1: Incorrect syntax or usage\n\n\u274c Problematic Code\nint main() {\n    cout << \"Hello\";\n}\n\nExplanation: The code violates a C/C++ language rule.\n\n\u2705 Corrected Code\n#include <iostream>\nusing namespace std;\nint main() {\n    cout << \"Hello\";\n}\n\nExplanation: The code now follows correct syntax and rules.\n\n\ud83d\udccc Rule to Remember\nStandard library features require proper headers.\n\n\ud83d\udcdd One-Line Summary\nThe error occurred due to incorrect code structure and was fixed by correcting it."
  },
  {
    "input": "error: invalid operands to binary +",
    "output": "\ud83d\udfe5 Error Overview\nError Message: error: invalid operands to binary +\nLanguage / Tool: C/C++ Compiler\n\n\ud83d\udccd Where the Error Occurs\nFile: main.cpp\nLine: 10\nCode Context: A statement is being processed by the compiler.\n\n\ud83e\udde0 What the Error Means (Plain English)\nThe addition operator was used with incompatible types.\n\n\u2753 Why This Error Happens\nCause 1: Incorrect syntax or usage\n\n\u274c Problematic Code\nint x = 5;\nchar* s = \"hi\";\nint y = x + s;\n\nExplanation: The code violates a C/C++ language rule.\n\n\u2705 Corrected Code\nint x = 5;\nint y = x + 10;\n\nExplanation: The code now follows correct syntax and rules.\n\n\ud83d\udccc Rule to Remember\nBinary operators require compatible data types.\n\n\ud83d\udcdd One-Line Summary\nThe error occurred due to incorrect code structure and was fixed by correcting it."
  },
  {
    "input": "error: 'x' was not declared in this scope",
    "output": "\ud83d\udfe5 Error Overview\nError Message: error: 'x' was not declared in this scope\nLanguage / Tool: C/C++ Compiler\n\n\ud83d\udccd Where the Error Occurs\nFile: main.cpp\nLine: 11\nCode Context: A statement is being processed by the compiler.\n\n\ud83e\udde0 What the Error Means (Plain English)\nThe variable was used before being declared.\n\n\u2753 Why This Error Happens\nCause 1: Incorrect syntax or usage\n\n\u274c Problematic Code\nint main() {\n    cout << x;\n}\n\nExplanation: The code violates a C/C++ language rule.\n\n\u2705 Corrected Code\nint main() {\n    int x = 10;\n    cout << x;\n}\n\nExplanation: The code now follows correct syntax and rules.\n\n\ud83d\udccc Rule to Remember\nVariables must be declared before use.\n\n\ud83d\udcdd One-Line Summary\nThe error occurred due to incorrect code structure and was fixed by correcting it."
  },
  {
    "input": "error: 'x' was not declared in this scope",
    "output": "\ud83d\udfe5 Error Overview\nError Message: error: 'x' was not declared in this scope\nLanguage / Tool: C/C++ Compiler\n\n\ud83d\udccd Where the Error Occurs\nFile: main.cpp\nLine: 10\nCode Context: A statement is being processed by the compiler.\n\n\ud83e\udde0 What the Error Means (Plain English)\nThe variable was used before being declared.\n\n\u2753 Why This Error Happens\nCause 1: Incorrect syntax or usage\n\n\u274c Problematic Code\nint main() {\n    cout << x;\n}\n\nExplanation: The code violates a C/C++ language rule.\n\n\u2705 Corrected Code\nint main() {\n    int x = 10;\n    cout << x;\n}\n\nExplanation: The code now follows correct syntax and rules.\n\n\ud83d\udccc Rule to Remember\nVariables must be declared before use.\n\n\ud83d\udcdd One-Line Summary\nThe error occurred due to incorrect code structure and was fixed by correcting it."
  },
  {
    "input": "error: expected declaration or statement at end of input",
    "output": "\ud83d\udfe5 Error Overview\nError Message: error: expected declaration or statement at end of input\nLanguage / Tool: C/C++ Compiler\n\n\ud83d\udccd Where the Error Occurs\nFile: main.cpp\nLine: 14\nCode Context: A statement is being processed by the compiler.\n\n\ud83e\udde0 What the Error Means (Plain English)\nThe compiler reached the end of the file while still expecting more code.\n\n\u2753 Why This Error Happens\nCause 1: Incorrect syntax or usage\n\n\u274c Problematic Code\nint main() {\n    printf(\"Hi\");\n\nExplanation: The code violates a C/C++ language rule.\n\n\u2705 Corrected Code\nint main() {\n    printf(\"Hi\");\n}\n\nExplanation: The code now follows correct syntax and rules.\n\n\ud83d\udccc Rule to Remember\nEvery opening brace must have a matching closing brace.\n\n\ud83d\udcdd One-Line Summary\nThe error occurred due to incorrect code structure and was fixed by correcting it."
  },
  {
    "input": "error: array subscript is not an integer",
    "output": "\ud83d\udfe5 Error Overview\nError Message: error: array subscript is not an integer\nLanguage / Tool: C/C++ Compiler\n\n\ud83d\udccd Where the Error Occurs\nFile: main.cpp\nLine: 3\nCode Context: A statement is being processed by the compiler.\n\n\ud83e\udde0 What the Error Means (Plain English)\nArray indices must be integers.\n\n\u2753 Why This Error Happens\nCause 1: Incorrect syntax or usage\n\n\u274c Problematic Code\nint arr[5];\narr[\"one\"] = 10;\n\nExplanation: The code violates a C/C++ language rule.\n\n\u2705 Corrected Code\nint arr[5];\narr[1] = 10;\n\nExplanation: The code now follows correct syntax and rules.\n\n\ud83d\udccc Rule to Remember\nUse only integer values to index arrays.\n\n\ud83d\udcdd One-Line Summary\nThe error occurred due to incorrect code structure and was fixed by correcting it."
  },
  {
    "input": "error: too few arguments to function",
    "output": "\ud83d\udfe5 Error Overview\nError Message: error: too few arguments to function\nLanguage / Tool: C/C++ Compiler\n\n\ud83d\udccd Where the Error Occurs\nFile: main.cpp\nLine: 10\nCode Context: A statement is being processed by the compiler.\n\n\ud83e\udde0 What the Error Means (Plain English)\nThe function was called without all the required arguments.\n\n\u2753 Why This Error Happens\nCause 1: Incorrect syntax or usage\n\n\u274c Problematic Code\nvoid add(int a, int b) {}\nint main() {\n    add(5);\n}\n\nExplanation: The code violates a C/C++ language rule.\n\n\u2705 Corrected Code\nvoid add(int a, int b) {}\nint main() {\n    add(5, 10);\n}\n\nExplanation: The code now follows correct syntax and rules.\n\n\ud83d\udccc Rule to Remember\nFunctions must be called with the correct number of arguments.\n\n\ud83d\udcdd One-Line Summary\nThe error occurred due to incorrect code structure and was fixed by correcting it."
  },
  {
    "input": "error: invalid conversion from 'int' to 'int*'",
    "output": "\ud83d\udfe5 Error Overview\nError Message: error: invalid conversion from 'int' to 'int*'\nLanguage / Tool: C/C++ Compiler\n\n\ud83d\udccd Where the Error Occurs\nFile: main.cpp\nLine: 7\nCode Context: A statement is being processed by the compiler.\n\n\ud83e\udde0 What the Error Means (Plain English)\nA pointer was given a normal value instead of an address.\n\n\u2753 Why This Error Happens\nCause 1: Incorrect syntax or usage\n\n\u274c Problematic Code\nint x = 5;\nint* p = x;\n\nExplanation: The code violates a C/C++ language rule.\n\n\u2705 Corrected Code\nint x = 5;\nint* p = &x;\n\nExplanation: The code now follows correct syntax and rules.\n\n\ud83d\udccc Rule to Remember\nPointers must store addresses, not values.\n\n\ud83d\udcdd One-Line Summary\nThe error occurred due to incorrect code structure and was fixed by correcting it."
  },
  {
    "input": "error: expected ')' before '{' token",
    "output": "\ud83d\udfe5 Error Overview\nError Message: error: expected ')' before '{' token\nLanguage / Tool: C/C++ Compiler\n\n\ud83d\udccd Where the Error Occurs\nFile: main.cpp\nLine: 10\nCode Context: A statement is being processed by the compiler.\n\n\ud83e\udde0 What the Error Means (Plain English)\nThe condition is missing a closing parenthesis.\n\n\u2753 Why This Error Happens\nCause 1: Incorrect syntax or usage\n\n\u274c Problematic Code\nif (x > 5 {\n    x++;\n}\n\nExplanation: The code violates a C/C++ language rule.\n\n\u2705 Corrected Code\nif (x > 5) {\n    x++;\n}\n\nExplanation: The code now follows correct syntax and rules.\n\n\ud83d\udccc Rule to Remember\nConditional expressions must be enclosed in parentheses.\n\n\ud83d\udcdd One-Line Summary\nThe error occurred due to incorrect code structure and was fixed by correcting it."
  },
  {
    "input": "error: 'x' was not declared in this scope",
    "output": "\ud83d\udfe5 Error Overview\nError Message: error: 'x' was not declared in this scope\nLanguage / Tool: C/C++ Compiler\n\n\ud83d\udccd Where the Error Occurs\nFile: main.cpp\nLine: 10\nCode Context: A statement is being processed by the compiler.\n\n\ud83e\udde0 What the Error Means (Plain English)\nThe variable was used before being declared.\n\n\u2753 Why This Error Happens\nCause 1: Incorrect syntax or usage\n\n\u274c Problematic Code\nint main() {\n    cout << x;\n}\n\nExplanation: The code violates a C/C++ language rule.\n\n\u2705 Corrected Code\nint main() {\n    int x = 10;\n    cout << x;\n}\n\nExplanation: The code now follows correct syntax and rules.\n\n\ud83d\udccc Rule to Remember\nVariables must be declared before use.\n\n\ud83d\udcdd One-Line Summary\nThe error occurred due to incorrect code structure and was fixed by correcting it."
  },
  {
    "input": "error: array subscript is not an integer",
    "output": "\ud83d\udfe5 Error Overview\nError Message: error: array subscript is not an integer\nLanguage / Tool: C/C++ Compiler\n\n\ud83d\udccd Where the Error Occurs\nFile: main.cpp\nLine: 13\nCode Context: A statement is being processed by the compiler.\n\n\ud83e\udde0 What the Error Means (Plain English)\nArray indices must be integers.\n\n\u2753 Why This Error Happens\nCause 1: Incorrect syntax or usage\n\n\u274c Problematic Code\nint arr[5];\narr[\"one\"] = 10;\n\nExplanation: The code violates a C/C++ language rule.\n\n\u2705 Corrected Code\nint arr[5];\narr[1] = 10;\n\nExplanation: The code now follows correct syntax and rules.\n\n\ud83d\udccc Rule to Remember\nUse only integer values to index arrays.\n\n\ud83d\udcdd One-Line Summary\nThe error occurred due to incorrect code structure and was fixed by correcting it."
  },
  {
    "input": "error: expected ';' before '}' token",
    "output": "\ud83d\udfe5 Error Overview\nError Message: error: expected ';' before '}' token\nLanguage / Tool: C/C++ Compiler\n\n\ud83d\udccd Where the Error Occurs\nFile: main.cpp\nLine: 6\nCode Context: A statement is being processed by the compiler.\n\n\ud83e\udde0 What the Error Means (Plain English)\nThe compiler expected a semicolon to end a statement but found a closing brace instead.\n\n\u2753 Why This Error Happens\nCause 1: Incorrect syntax or usage\n\n\u274c Problematic Code\nint main() {\n    int x = 10\n}\n\nExplanation: The code violates a C/C++ language rule.\n\n\u2705 Corrected Code\nint main() {\n    int x = 10;\n}\n\nExplanation: The code now follows correct syntax and rules.\n\n\ud83d\udccc Rule to Remember\nEvery statement in C/C++ must end with a semicolon.\n\n\ud83d\udcdd One-Line Summary\nThe error occurred due to incorrect code structure and was fixed by correcting it."
  },
  {
    "input": "error: invalid operands to binary +",
    "output": "\ud83d\udfe5 Error Overview\nError Message: error: invalid operands to binary +\nLanguage / Tool: C/C++ Compiler\n\n\ud83d\udccd Where the Error Occurs\nFile: main.cpp\nLine: 8\nCode Context: A statement is being processed by the compiler.\n\n\ud83e\udde0 What the Error Means (Plain English)\nThe addition operator was used with incompatible types.\n\n\u2753 Why This Error Happens\nCause 1: Incorrect syntax or usage\n\n\u274c Problematic Code\nint x = 5;\nchar* s = \"hi\";\nint y = x + s;\n\nExplanation: The code violates a C/C++ language rule.\n\n\u2705 Corrected Code\nint x = 5;\nint y = x + 10;\n\nExplanation: The code now follows correct syntax and rules.\n\n\ud83d\udccc Rule to Remember\nBinary operators require compatible data types.\n\n\ud83d\udcdd One-Line Summary\nThe error occurred due to incorrect code structure and was fixed by correcting it."
  },
  {
    "input": "error: redefinition of 'int x'",
    "output": "\ud83d\udfe5 Error Overview\nError Message: error: redefinition of 'int x'\nLanguage / Tool: C/C++ Compiler\n\n\ud83d\udccd Where the Error Occurs\nFile: main.cpp\nLine: 8\nCode Context: A statement is being processed by the compiler.\n\n\ud83e\udde0 What the Error Means (Plain English)\nThe variable was declared more than once in the same scope.\n\n\u2753 Why This Error Happens\nCause 1: Incorrect syntax or usage\n\n\u274c Problematic Code\nint x = 5;\nint x = 10;\n\nExplanation: The code violates a C/C++ language rule.\n\n\u2705 Corrected Code\nint x = 5;\nx = 10;\n\nExplanation: The code now follows correct syntax and rules.\n\n\ud83d\udccc Rule to Remember\nA variable can only be declared once per scope.\n\n\ud83d\udcdd One-Line Summary\nThe error occurred due to incorrect code structure and was fixed by correcting it."
  },
  {
    "input": "error: 'cout' was not declared in this scope",
    "output": "\ud83d\udfe5 Error Overview\nError Message: error: 'cout' was not declared in this scope\nLanguage / Tool: C/C++ Compiler\n\n\ud83d\udccd Where the Error Occurs\nFile: main.cpp\nLine: 10\nCode Context: A statement is being processed by the compiler.\n\n\ud83e\udde0 What the Error Means (Plain English)\nThe compiler does not recognize cout because it was not properly included.\n\n\u2753 Why This Error Happens\nCause 1: Incorrect syntax or usage\n\n\u274c Problematic Code\nint main() {\n    cout << \"Hello\";\n}\n\nExplanation: The code violates a C/C++ language rule.\n\n\u2705 Corrected Code\n#include <iostream>\nusing namespace std;\nint main() {\n    cout << \"Hello\";\n}\n\nExplanation: The code now follows correct syntax and rules.\n\n\ud83d\udccc Rule to Remember\nStandard library features require proper headers.\n\n\ud83d\udcdd One-Line Summary\nThe error occurred due to incorrect code structure and was fixed by correcting it."
  },
  {
    "input": "error: expected ')' before '{' token",
    "output": "\ud83d\udfe5 Error Overview\nError Message: error: expected ')' before '{' token\nLanguage / Tool: C/C++ Compiler\n\n\ud83d\udccd Where the Error Occurs\nFile: main.cpp\nLine: 15\nCode Context: A statement is being processed by the compiler.\n\n\ud83e\udde0 What the Error Means (Plain English)\nThe condition is missing a closing parenthesis.\n\n\u2753 Why This Error Happens\nCause 1: Incorrect syntax or usage\n\n\u274c Problematic Code\nif (x > 5 {\n    x++;\n}\n\nExplanation: The code violates a C/C++ language rule.\n\n\u2705 Corrected Code\nif (x > 5) {\n    x++;\n}\n\nExplanation: The code now follows correct syntax and rules.\n\n\ud83d\udccc Rule to Remember\nConditional expressions must be enclosed in parentheses.\n\n\ud83d\udcdd One-Line Summary\nThe error occurred due to incorrect code structure and was fixed by correcting it."
  },
  {
    "input": "error: expected declaration or statement at end of input",
    "output": "\ud83d\udfe5 Error Overview\nError Message: error: expected declaration or statement at end of input\nLanguage / Tool: C/C++ Compiler\n\n\ud83d\udccd Where the Error Occurs\nFile: main.cpp\nLine: 4\nCode Context: A statement is being processed by the compiler.\n\n\ud83e\udde0 What the Error Means (Plain English)\nThe compiler reached the end of the file while still expecting more code.\n\n\u2753 Why This Error Happens\nCause 1: Incorrect syntax or usage\n\n\u274c Problematic Code\nint main() {\n    printf(\"Hi\");\n\nExplanation: The code violates a C/C++ language rule.\n\n\u2705 Corrected Code\nint main() {\n    printf(\"Hi\");\n}\n\nExplanation: The code now follows correct syntax and rules.\n\n\ud83d\udccc Rule to Remember\nEvery opening brace must have a matching closing brace.\n\n\ud83d\udcdd One-Line Summary\nThe error occurred due to incorrect code structure and was fixed by correcting it."
  }
]